c:\users\ga1b\source\repos\kansyateamgame2\kansyateamgame2\debug\vc142.pdb
c:\users\ga1b\source\repos\kansyateamgame2\kansyateamgame2\debug\vc142.idb
c:\users\ga1b\source\repos\kansyateamgame2\kansyateamgame2\debug\wininputs.obj
c:\users\ga1b\source\repos\kansyateamgame2\kansyateamgame2\debug\userdata.obj
c:\users\ga1b\source\repos\kansyateamgame2\kansyateamgame2\debug\setwindow.obj
c:\users\ga1b\source\repos\kansyateamgame2\kansyateamgame2\debug\sceneobjmanager.obj
c:\users\ga1b\source\repos\kansyateamgame2\kansyateamgame2\debug\scenemanager.obj
c:\users\ga1b\source\repos\kansyateamgame2\kansyateamgame2\debug\multithread.obj
c:\users\ga1b\source\repos\kansyateamgame2\kansyateamgame2\debug\hitboxmanager.obj
c:\users\ga1b\source\repos\kansyateamgame2\kansyateamgame2\debug\gamel_main.obj
c:\users\ga1b\source\repos\kansyateamgame2\kansyateamgame2\debug\drawtexture.obj
c:\users\ga1b\source\repos\kansyateamgame2\kansyateamgame2\debug\drawfont.obj
c:\users\ga1b\source\repos\kansyateamgame2\kansyateamgame2\debug\draw2dtex_source.obj
c:\users\ga1b\source\repos\kansyateamgame2\kansyateamgame2\debug\directxdevice.obj
c:\users\ga1b\source\repos\kansyateamgame2\kansyateamgame2\debug\audio.obj
c:\users\ga1b\source\repos\kansyateamgame2\kansyateamgame2\debug\scenemain.obj
c:\users\ga1b\source\repos\kansyateamgame2\kansyateamgame2\debug\magicalgirl.obj
c:\users\ga1b\source\repos\kansyateamgame2\kansyateamgame2\debug\objhero.obj
c:\users\ga1b\source\repos\kansyateamgame2\kansyateamgame2\debug\objmagicalgirl.obj
c:\users\ga1b\source\repos\kansyateamgame2\kansyateamgame2\debug\cobjhomingbullet.obj
c:\users\ga1b\source\repos\kansyateamgame2\kansyateamgame2\debug\stage.obj
c:\users\ga1b\source\repos\kansyateamgame2\kansyateamgame2\debug\objenemy.obj
c:\users\ga1b\source\repos\kansyateamgame2\kansyateamgame2\debug\objgaugebase.obj
c:\users\ga1b\source\repos\kansyateamgame2\kansyateamgame2\debug\objgaugehp.obj
c:\users\ga1b\source\repos\kansyateamgame2\kansyateamgame2\debug\objmana.obj
c:\users\ga1b\source\repos\kansyateamgame2\kansyateamgame2\debug\objgaugemana.obj
c:\users\ga1b\source\repos\kansyateamgame2\kansyateamgame2\debug\objgaugebasemana.obj
c:\users\ga1b\source\repos\kansyateamgame2\kansyateamgame2\debug\objsword.obj
c:\users\ga1b\source\repos\mahousyoujo\kansyateamgame2\debug\vc142.pdb
c:\users\ga1b\source\repos\mahousyoujo\kansyateamgame2\debug\vc142.idb
c:\users\ga1b\source\repos\mahousyoujo\kansyateamgame2\debug\objmana.obj
c:\users\ga1b\source\repos\mahousyoujo\kansyateamgame2\debug\objmagicalgirl.obj
c:\users\ga1b\source\repos\mahousyoujo\kansyateamgame2\debug\objhero.obj
c:\users\ga1b\source\repos\mahousyoujo\kansyateamgame2\debug\objgaugehp.obj
c:\users\ga1b\source\repos\mahousyoujo\kansyateamgame2\debug\objgaugebase.obj
c:\users\ga1b\source\repos\mahousyoujo\kansyateamgame2\debug\objenemy.obj
c:\users\ga1b\source\repos\mahousyoujo\kansyateamgame2\debug\wininputs.obj
c:\users\ga1b\source\repos\mahousyoujo\kansyateamgame2\debug\userdata.obj
c:\users\ga1b\source\repos\mahousyoujo\kansyateamgame2\debug\setwindow.obj
c:\users\ga1b\source\repos\mahousyoujo\kansyateamgame2\debug\sceneobjmanager.obj
c:\users\ga1b\source\repos\mahousyoujo\kansyateamgame2\debug\scenemanager.obj
c:\users\ga1b\source\repos\mahousyoujo\kansyateamgame2\debug\multithread.obj
c:\users\ga1b\source\repos\mahousyoujo\kansyateamgame2\debug\hitboxmanager.obj
c:\users\ga1b\source\repos\mahousyoujo\kansyateamgame2\debug\gamel_main.obj
c:\users\ga1b\source\repos\mahousyoujo\kansyateamgame2\debug\drawtexture.obj
c:\users\ga1b\source\repos\mahousyoujo\kansyateamgame2\debug\drawfont.obj
c:\users\ga1b\source\repos\mahousyoujo\kansyateamgame2\debug\draw2dtex_source.obj
c:\users\ga1b\source\repos\mahousyoujo\kansyateamgame2\debug\directxdevice.obj
c:\users\ga1b\source\repos\mahousyoujo\kansyateamgame2\debug\audio.obj
c:\users\ga1b\source\repos\mahousyoujo\kansyateamgame2\debug\cobjhomingbullet.obj
c:\users\ga1b\source\repos\mahousyoujo\kansyateamgame2\debug\stage.obj
c:\users\ga1b\source\repos\mahousyoujo\kansyateamgame2\debug\scenemain.obj
c:\users\ga1b\source\repos\mahousyoujo\kansyateamgame2\debug\objsword.obj
c:\users\ga1b\source\repos\kansyateamgame2\debug\kansyateamgame2.exe
c:\users\ga1b\source\repos\kansyateamgame2\debug\kansyateamgame2.ilk
c:\users\ga1b\source\repos\kansyateamgame2\debug\kansyateamgame2.pdb
c:\users\ga1b\source\repos\mahousyoujo\kansyateamgame2\debug\magicalgirl.obj
c:\users\ga1b\source\repos\mahousyoujo\kansyateamgame2\debug\objgauge.obj
c:\users\ga1b\source\repos\mahousyoujo\kansyateamgame2\debug\objgaugebasemana.obj
c:\users\ga1b\source\repos\mahousyoujo\kansyateamgame2\debug\objgaugemana.obj
c:\users\ga1b\source\repos\mahousyoujo\kansyateamgame2\debug\objstage.obj
c:\users\ga1b\source\repos\mahousyoujo\debug\kansyateamgame2.pdb
c:\users\ga1b\source\repos\mahousyoujo\kansyateamgame2\debug\kansyateamgame2.tlog\cl.command.1.tlog
c:\users\ga1b\source\repos\mahousyoujo\kansyateamgame2\debug\kansyateamgame2.tlog\cl.read.1.tlog
c:\users\ga1b\source\repos\mahousyoujo\kansyateamgame2\debug\kansyateamgame2.tlog\cl.write.1.tlog
c:\users\ga1b\source\repos\mahousyoujo\kansyateamgame2\debug\kansyateamgame2.tlog\link-cvtres.read.1.tlog
c:\users\ga1b\source\repos\mahousyoujo\kansyateamgame2\debug\kansyateamgame2.tlog\link-cvtres.write.1.tlog
c:\users\ga1b\source\repos\mahousyoujo\kansyateamgame2\debug\kansyateamgame2.tlog\link-rc.read.1.tlog
c:\users\ga1b\source\repos\mahousyoujo\kansyateamgame2\debug\kansyateamgame2.tlog\link-rc.write.1.tlog
c:\users\ga1b\source\repos\mahousyoujo\kansyateamgame2\debug\kansyateamgame2.tlog\link.command.1.tlog
c:\users\ga1b\source\repos\mahousyoujo\kansyateamgame2\debug\kansyateamgame2.tlog\link.read.1.tlog
c:\users\ga1b\source\repos\mahousyoujo\kansyateamgame2\debug\kansyateamgame2.tlog\link.write.1.tlog
