  CObjHomingBullet.cpp
  GameL_Main.cpp
  ObjEnemy.cpp
  ObjGaugeBase.cpp
  ObjGaugeHP.cpp
C:\Users\GA1B\source\repos\KansyaTeamGame2\KansyaTeamGame2\ObjGaugeHP.cpp(28,18): warning C4244: '=': 'int' から 'float' への変換です。データが失われる可能性があります。
C:\Users\GA1B\source\repos\KansyaTeamGame2\KansyaTeamGame2\ObjGaugeHP.cpp(29,24): warning C4244: '=': 'int' から 'float' への変換です。データが失われる可能性があります。
  ObjHero.cpp
C:\Users\GA1B\source\repos\KansyaTeamGame2\KansyaTeamGame2\ObjHero.cpp(57,23): warning C4305: '+=': 'double' から 'float' へ切り詰めます。
C:\Users\GA1B\source\repos\KansyaTeamGame2\KansyaTeamGame2\ObjHero.cpp(62,14): warning C4305: '-=': 'double' から 'float' へ切り詰めます。
C:\Users\GA1B\source\repos\KansyaTeamGame2\KansyaTeamGame2\ObjHero.cpp(70,14): warning C4305: '+=': 'double' から 'float' へ切り詰めます。
C:\Users\GA1B\source\repos\KansyaTeamGame2\KansyaTeamGame2\ObjHero.cpp(83,15): warning C4244: '=': 'double' から 'float' への変換です。データが失われる可能性があります。
C:\Users\GA1B\source\repos\KansyaTeamGame2\KansyaTeamGame2\ObjHero.cpp(114,48): warning C4244: '引数': 'float' から 'int' への変換です。データが失われる可能性があります。
C:\Users\GA1B\source\repos\KansyaTeamGame2\KansyaTeamGame2\ObjHero.cpp(213,39): warning C4838: 'int' から 'float' への変換には縮小変換が必要です
C:\Users\GA1B\source\repos\KansyaTeamGame2\KansyaTeamGame2\ObjHero.cpp(213,39): warning C4244: '初期化中': 'int' から 'float' への変換です。データが失われる可能性があります。
  ObjMagicalGirl.cpp
  ObjMana.cpp
  SceneMain.cpp
C:\Users\GA1B\source\repos\KansyaTeamGame2\KansyaTeamGame2\GameL\SceneObjManager.h(4,1): warning C4005: '_SECURE_SCL': マクロが再定義されました。
C:\Users\GA1B\source\repos\KansyaTeamGame2\KansyaTeamGame2\SceneMain.cpp(2): message : '_SECURE_SCL' の以前の定義を確認してください
C:\Users\GA1B\source\repos\KansyaTeamGame2\KansyaTeamGame2\GameL\SceneObjManager.h(5,1): warning C4005: '_HAS_ITERATOR_DEBUGGING': マクロが再定義されました。
C:\Users\GA1B\source\repos\KansyaTeamGame2\KansyaTeamGame2\SceneMain.cpp(3): message : '_HAS_ITERATOR_DEBUGGING' の以前の定義を確認してください
  コードを生成中...
  ObjGaugeBaseMana.cpp
  ObjGaugeMana.cpp
C:\Users\GA1B\source\repos\KansyaTeamGame2\KansyaTeamGame2\ObjGaugeMana.cpp(31,27): warning C4244: '=': 'int' から 'float' への変換です。データが失われる可能性があります。
  ObjSword.cpp
  コードを生成中...
  KansyaTeamGame2.vcxproj -> C:\Users\GA1B\source\repos\KansyaTeamGame2\Debug\KansyaTeamGame2.exe
