c:\users\user\desktop\新しいフォルダー\kansyateamgame2\x64\debug\vc142.pdb
c:\users\user\desktop\新しいフォルダー\kansyateamgame2\x64\debug\vc142.idb
c:\users\user\desktop\新しいフォルダー\kansyateamgame2\x64\debug\objgameclear.obj
c:\users\user\desktop\新しいフォルダー\kansyateamgame2\x64\debug\objbackground.obj
c:\users\user\desktop\新しいフォルダー\kansyateamgame2\x64\debug\wininputs.obj
c:\users\user\desktop\新しいフォルダー\kansyateamgame2\x64\debug\userdata.obj
c:\users\user\desktop\新しいフォルダー\kansyateamgame2\x64\debug\setwindow.obj
c:\users\user\desktop\新しいフォルダー\kansyateamgame2\x64\debug\sceneobjmanager.obj
c:\users\user\desktop\新しいフォルダー\kansyateamgame2\x64\debug\scenemanager.obj
c:\users\user\desktop\新しいフォルダー\kansyateamgame2\x64\debug\multithread.obj
c:\users\user\desktop\新しいフォルダー\kansyateamgame2\x64\debug\hitboxmanager.obj
c:\users\user\desktop\新しいフォルダー\kansyateamgame2\x64\debug\gamel_main.obj
c:\users\user\desktop\新しいフォルダー\kansyateamgame2\x64\debug\drawtexture.obj
c:\users\user\desktop\新しいフォルダー\kansyateamgame2\x64\debug\drawfont.obj
c:\users\user\desktop\新しいフォルダー\kansyateamgame2\x64\debug\draw2dtex_source.obj
c:\users\user\desktop\新しいフォルダー\kansyateamgame2\x64\debug\directxdevice.obj
c:\users\user\desktop\新しいフォルダー\kansyateamgame2\x64\debug\audio.obj
c:\users\user\desktop\新しいフォルダー\kansyateamgame2\x64\debug\objmenu.obj
c:\users\user\desktop\新しいフォルダー\kansyateamgame2\x64\debug\objenemyamount.obj
c:\users\user\desktop\新しいフォルダー\kansyateamgame2\x64\debug\objenemy3.obj
c:\users\user\desktop\新しいフォルダー\kansyateamgame2\x64\debug\objbullet.obj
c:\users\user\desktop\新しいフォルダー\kansyateamgame2\x64\debug\cobjhomingbullet.obj
c:\users\user\desktop\新しいフォルダー\kansyateamgame2\x64\debug\scenetitle.obj
c:\users\user\desktop\新しいフォルダー\kansyateamgame2\x64\debug\scenemenu.obj
c:\users\user\desktop\新しいフォルダー\kansyateamgame2\x64\debug\scenegameover.obj
c:\users\user\desktop\新しいフォルダー\kansyateamgame2\x64\debug\scenegameclear.obj
c:\users\user\desktop\新しいフォルダー\kansyateamgame2\x64\debug\objtitle.obj
c:\users\user\desktop\新しいフォルダー\kansyateamgame2\x64\debug\objsword.obj
c:\users\user\desktop\新しいフォルダー\kansyateamgame2\x64\debug\objmodeselect.obj
c:\users\user\desktop\新しいフォルダー\kansyateamgame2\x64\debug\objblock.obj
c:\users\user\desktop\新しいフォルダー\kansyateamgame2\x64\debug\objmana.obj
c:\users\user\desktop\新しいフォルダー\kansyateamgame2\x64\debug\objmagicalgirl.obj
c:\users\user\desktop\新しいフォルダー\kansyateamgame2\x64\debug\objhero.obj
c:\users\user\desktop\新しいフォルダー\kansyateamgame2\x64\debug\objgaugemp.obj
c:\users\user\desktop\新しいフォルダー\kansyateamgame2\x64\debug\objgaugemana.obj
c:\users\user\desktop\新しいフォルダー\kansyateamgame2\x64\debug\objgaugehp.obj
c:\users\user\desktop\新しいフォルダー\kansyateamgame2\x64\debug\objgaugebasemana.obj
c:\users\user\desktop\新しいフォルダー\kansyateamgame2\x64\debug\objgameover.obj
c:\users\user\desktop\新しいフォルダー\kansyateamgame2\x64\debug\objenemy2.obj
c:\users\user\desktop\新しいフォルダー\kansyateamgame2\x64\debug\objenemy.obj
c:\users\user\desktop\新しいフォルダー\kansyateamgame2\x64\debug\scenemain.obj
c:\users\user\desktop\新しいフォルダー\kansyateamgame2\x64\debug\objgaugebase.obj
c:\users\t1208\source\repos\arigatou1\mahousyoujo\kansyateamgame2\x64\debug\vc142.pdb
c:\users\t1208\source\repos\arigatou1\mahousyoujo\kansyateamgame2\x64\debug\vc142.idb
c:\users\t1208\source\repos\arigatou1\mahousyoujo\kansyateamgame2\x64\debug\wininputs.obj
c:\users\t1208\source\repos\arigatou1\mahousyoujo\kansyateamgame2\x64\debug\userdata.obj
c:\users\t1208\source\repos\arigatou1\mahousyoujo\kansyateamgame2\x64\debug\setwindow.obj
c:\users\t1208\source\repos\arigatou1\mahousyoujo\kansyateamgame2\x64\debug\sceneobjmanager.obj
c:\users\t1208\source\repos\arigatou1\mahousyoujo\kansyateamgame2\x64\debug\scenemanager.obj
c:\users\t1208\source\repos\arigatou1\mahousyoujo\kansyateamgame2\x64\debug\multithread.obj
c:\users\t1208\source\repos\arigatou1\mahousyoujo\kansyateamgame2\x64\debug\hitboxmanager.obj
c:\users\t1208\source\repos\arigatou1\mahousyoujo\kansyateamgame2\x64\debug\gamel_main.obj
c:\users\t1208\source\repos\arigatou1\mahousyoujo\kansyateamgame2\x64\debug\drawtexture.obj
c:\users\t1208\source\repos\arigatou1\mahousyoujo\kansyateamgame2\x64\debug\drawfont.obj
c:\users\t1208\source\repos\arigatou1\mahousyoujo\kansyateamgame2\x64\debug\draw2dtex_source.obj
c:\users\t1208\source\repos\arigatou1\mahousyoujo\kansyateamgame2\x64\debug\directxdevice.obj
c:\users\t1208\source\repos\arigatou1\mahousyoujo\kansyateamgame2\x64\debug\audio.obj
c:\users\t1208\source\repos\arigatou1\mahousyoujo\kansyateamgame2\x64\debug\objmenu.obj
c:\users\t1208\source\repos\arigatou1\mahousyoujo\kansyateamgame2\x64\debug\objenemyamount.obj
c:\users\t1208\source\repos\arigatou1\mahousyoujo\kansyateamgame2\x64\debug\objenemy3.obj
c:\users\t1208\source\repos\arigatou1\mahousyoujo\kansyateamgame2\x64\debug\objenemy4.obj
c:\users\t1208\source\repos\arigatou1\mahousyoujo\kansyateamgame2\x64\debug\objbullet.obj
c:\users\t1208\source\repos\arigatou1\mahousyoujo\kansyateamgame2\x64\debug\objbarrier.obj
c:\users\t1208\source\repos\arigatou1\mahousyoujo\kansyateamgame2\x64\debug\cobjhomingbullet.obj
c:\users\t1208\source\repos\arigatou1\mahousyoujo\kansyateamgame2\x64\debug\scenemenu.obj
c:\users\t1208\source\repos\arigatou1\mahousyoujo\kansyateamgame2\x64\debug\scenegameover.obj
c:\users\t1208\source\repos\arigatou1\mahousyoujo\kansyateamgame2\x64\debug\scenegameclear.obj
c:\users\t1208\source\repos\arigatou1\mahousyoujo\kansyateamgame2\x64\debug\objtitle.obj
c:\users\t1208\source\repos\arigatou1\mahousyoujo\kansyateamgame2\x64\debug\objsword.obj
c:\users\t1208\source\repos\arigatou1\mahousyoujo\kansyateamgame2\x64\debug\objmodeselect.obj
c:\users\t1208\source\repos\arigatou1\mahousyoujo\kansyateamgame2\x64\debug\objblock.obj
c:\users\t1208\source\repos\arigatou1\mahousyoujo\kansyateamgame2\x64\debug\objmana.obj
c:\users\t1208\source\repos\arigatou1\mahousyoujo\kansyateamgame2\x64\debug\objmagicalgirl.obj
c:\users\t1208\source\repos\arigatou1\mahousyoujo\kansyateamgame2\x64\debug\objhero.obj
c:\users\t1208\source\repos\arigatou1\mahousyoujo\kansyateamgame2\x64\debug\objgaugemp.obj
c:\users\t1208\source\repos\arigatou1\mahousyoujo\kansyateamgame2\x64\debug\objgaugemana.obj
c:\users\t1208\source\repos\arigatou1\mahousyoujo\kansyateamgame2\x64\debug\objgaugehp.obj
c:\users\t1208\source\repos\arigatou1\mahousyoujo\kansyateamgame2\x64\debug\objgaugebasemana.obj
c:\users\t1208\source\repos\arigatou1\mahousyoujo\kansyateamgame2\x64\debug\objgameover.obj
c:\users\t1208\source\repos\arigatou1\mahousyoujo\kansyateamgame2\x64\debug\objenemy2.obj
c:\users\t1208\source\repos\arigatou1\mahousyoujo\kansyateamgame2\x64\debug\objenemy.obj
c:\users\t1208\source\repos\arigatou1\mahousyoujo\kansyateamgame2\x64\debug\objgameclear.obj
c:\users\t1208\source\repos\arigatou1\mahousyoujo\kansyateamgame2\x64\debug\objbackground.obj
c:\users\t1208\source\repos\arigatou1\mahousyoujo\kansyateamgame2\x64\debug\scenetitle.obj
c:\users\user\desktop\新しいフォルダー\x64\debug\kansyateamgame2.exe
c:\users\user\desktop\新しいフォルダー\x64\debug\kansyateamgame2.ilk
c:\users\user\desktop\新しいフォルダー\x64\debug\kansyateamgame2.pdb
c:\users\t1208\source\repos\arigatou1\mahousyoujo\kansyateamgame2\x64\debug\objgaugebase.obj
c:\users\t1208\source\repos\arigatou1\mahousyoujo\kansyateamgame2\x64\debug\scenemain.obj
c:\users\t1208\source\repos\arigatou1\mahousyoujo\x64\debug\kansyateamgame2.pdb
c:\users\t1208\source\repos\arigatou1\mahousyoujo\x64\debug\kansyateamgame2.exe
c:\users\t1208\source\repos\arigatou1\mahousyoujo\x64\debug\kansyateamgame2.ilk
c:\users\t1208\source\repos\arigatou1\mahousyoujo\kansyateamgame2\x64\debug\kansyateamgame2.tlog\cl.command.1.tlog
c:\users\t1208\source\repos\arigatou1\mahousyoujo\kansyateamgame2\x64\debug\kansyateamgame2.tlog\cl.read.1.tlog
c:\users\t1208\source\repos\arigatou1\mahousyoujo\kansyateamgame2\x64\debug\kansyateamgame2.tlog\cl.write.1.tlog
c:\users\t1208\source\repos\arigatou1\mahousyoujo\kansyateamgame2\x64\debug\kansyateamgame2.tlog\link.command.1.tlog
c:\users\t1208\source\repos\arigatou1\mahousyoujo\kansyateamgame2\x64\debug\kansyateamgame2.tlog\link.read.1.tlog
c:\users\t1208\source\repos\arigatou1\mahousyoujo\kansyateamgame2\x64\debug\kansyateamgame2.tlog\link.write.1.tlog
