  CObjHomingBullet.cpp
C:\Users\GA1B\source\repos\KansyaTeamGame2\KansyaTeamGame2\ObjEnemy3.h(44,8): error C2371: 'CObjEnemy3::e_hp': 再定義されています。異なる基本型です。
C:\Users\GA1B\source\repos\KansyaTeamGame2\KansyaTeamGame2\ObjEnemy3.h(23): message : 'CObjEnemy3::e_hp' の宣言を確認してください
C:\Users\GA1B\source\repos\KansyaTeamGame2\KansyaTeamGame2\ObjEnemy4.h(33,8): error C2371: 'CObjEnemy4::e_hp': 再定義されています。異なる基本型です。
C:\Users\GA1B\source\repos\KansyaTeamGame2\KansyaTeamGame2\ObjEnemy4.h(23): message : 'CObjEnemy4::e_hp' の宣言を確認してください
C:\Users\GA1B\source\repos\KansyaTeamGame2\KansyaTeamGame2\CObjHomingBullet.cpp(124,9): warning C4244: 'return': 'float' から 'int' への変換です。データが失われる可能性があります。
  EnemyAppear.cpp
C:\Users\GA1B\source\repos\KansyaTeamGame2\KansyaTeamGame2\ObjEnemy3.h(44,8): error C2371: 'CObjEnemy3::e_hp': 再定義されています。異なる基本型です。
C:\Users\GA1B\source\repos\KansyaTeamGame2\KansyaTeamGame2\ObjEnemy3.h(23): message : 'CObjEnemy3::e_hp' の宣言を確認してください
C:\Users\GA1B\source\repos\KansyaTeamGame2\KansyaTeamGame2\ObjEnemy4.h(33,8): error C2371: 'CObjEnemy4::e_hp': 再定義されています。異なる基本型です。
C:\Users\GA1B\source\repos\KansyaTeamGame2\KansyaTeamGame2\ObjEnemy4.h(23): message : 'CObjEnemy4::e_hp' の宣言を確認してください
  GameL_Main.cpp
C:\Users\GA1B\source\repos\KansyaTeamGame2\KansyaTeamGame2\ObjEnemy3.h(44,8): error C2371: 'CObjEnemy3::e_hp': 再定義されています。異なる基本型です。
C:\Users\GA1B\source\repos\KansyaTeamGame2\KansyaTeamGame2\ObjEnemy3.h(23): message : 'CObjEnemy3::e_hp' の宣言を確認してください
C:\Users\GA1B\source\repos\KansyaTeamGame2\KansyaTeamGame2\ObjEnemy4.h(33,8): error C2371: 'CObjEnemy4::e_hp': 再定義されています。異なる基本型です。
C:\Users\GA1B\source\repos\KansyaTeamGame2\KansyaTeamGame2\ObjEnemy4.h(23): message : 'CObjEnemy4::e_hp' の宣言を確認してください
C:\Users\GA1B\source\repos\KansyaTeamGame2\KansyaTeamGame2\GameL\GameL_Main.cpp(159,4): warning C4060: switch ステートメントに 'case' または 'default' ラベルがありません。
  SceneManager.cpp
C:\Users\GA1B\source\repos\KansyaTeamGame2\KansyaTeamGame2\ObjEnemy3.h(44,8): error C2371: 'CObjEnemy3::e_hp': 再定義されています。異なる基本型です。
C:\Users\GA1B\source\repos\KansyaTeamGame2\KansyaTeamGame2\ObjEnemy3.h(23): message : 'CObjEnemy3::e_hp' の宣言を確認してください
C:\Users\GA1B\source\repos\KansyaTeamGame2\KansyaTeamGame2\ObjEnemy4.h(33,8): error C2371: 'CObjEnemy4::e_hp': 再定義されています。異なる基本型です。
C:\Users\GA1B\source\repos\KansyaTeamGame2\KansyaTeamGame2\ObjEnemy4.h(23): message : 'CObjEnemy4::e_hp' の宣言を確認してください
  ObjAllBullet.cpp
C:\Users\GA1B\source\repos\KansyaTeamGame2\KansyaTeamGame2\ObjEnemy3.h(44,8): error C2371: 'CObjEnemy3::e_hp': 再定義されています。異なる基本型です。
C:\Users\GA1B\source\repos\KansyaTeamGame2\KansyaTeamGame2\ObjEnemy3.h(23): message : 'CObjEnemy3::e_hp' の宣言を確認してください
C:\Users\GA1B\source\repos\KansyaTeamGame2\KansyaTeamGame2\ObjEnemy4.h(33,8): error C2371: 'CObjEnemy4::e_hp': 再定義されています。異なる基本型です。
C:\Users\GA1B\source\repos\KansyaTeamGame2\KansyaTeamGame2\ObjEnemy4.h(23): message : 'CObjEnemy4::e_hp' の宣言を確認してください
C:\Users\GA1B\source\repos\KansyaTeamGame2\KansyaTeamGame2\ObjAllBullet.cpp(92,9): warning C4244: 'return': 'float' から 'int' への変換です。データが失われる可能性があります。
  ObjBackGround.cpp
C:\Users\GA1B\source\repos\KansyaTeamGame2\KansyaTeamGame2\ObjEnemy3.h(44,8): error C2371: 'CObjEnemy3::e_hp': 再定義されています。異なる基本型です。
C:\Users\GA1B\source\repos\KansyaTeamGame2\KansyaTeamGame2\ObjEnemy3.h(23): message : 'CObjEnemy3::e_hp' の宣言を確認してください
C:\Users\GA1B\source\repos\KansyaTeamGame2\KansyaTeamGame2\ObjEnemy4.h(33,8): error C2371: 'CObjEnemy4::e_hp': 再定義されています。異なる基本型です。
C:\Users\GA1B\source\repos\KansyaTeamGame2\KansyaTeamGame2\ObjEnemy4.h(23): message : 'CObjEnemy4::e_hp' の宣言を確認してください
  ObjBarrier.cpp
C:\Users\GA1B\source\repos\KansyaTeamGame2\KansyaTeamGame2\ObjEnemy3.h(44,8): error C2371: 'CObjEnemy3::e_hp': 再定義されています。異なる基本型です。
C:\Users\GA1B\source\repos\KansyaTeamGame2\KansyaTeamGame2\ObjEnemy3.h(23): message : 'CObjEnemy3::e_hp' の宣言を確認してください
C:\Users\GA1B\source\repos\KansyaTeamGame2\KansyaTeamGame2\ObjEnemy4.h(33,8): error C2371: 'CObjEnemy4::e_hp': 再定義されています。異なる基本型です。
C:\Users\GA1B\source\repos\KansyaTeamGame2\KansyaTeamGame2\ObjEnemy4.h(23): message : 'CObjEnemy4::e_hp' の宣言を確認してください
  ObjBlock.cpp
C:\Users\GA1B\source\repos\KansyaTeamGame2\KansyaTeamGame2\ObjEnemy3.h(44,8): error C2371: 'CObjEnemy3::e_hp': 再定義されています。異なる基本型です。
C:\Users\GA1B\source\repos\KansyaTeamGame2\KansyaTeamGame2\ObjEnemy3.h(23): message : 'CObjEnemy3::e_hp' の宣言を確認してください
C:\Users\GA1B\source\repos\KansyaTeamGame2\KansyaTeamGame2\ObjEnemy4.h(33,8): error C2371: 'CObjEnemy4::e_hp': 再定義されています。異なる基本型です。
C:\Users\GA1B\source\repos\KansyaTeamGame2\KansyaTeamGame2\ObjEnemy4.h(23): message : 'CObjEnemy4::e_hp' の宣言を確認してください
C:\Users\GA1B\source\repos\KansyaTeamGame2\KansyaTeamGame2\ObjBlock.cpp(160,16): warning C4244: '初期化中': 'double' から 'float' への変換です。データが失われる可能性があります。
C:\Users\GA1B\source\repos\KansyaTeamGame2\KansyaTeamGame2\ObjBlock.cpp(163,14): warning C4244: '初期化中': 'double' から 'float' への変換です。データが失われる可能性があります。
C:\Users\GA1B\source\repos\KansyaTeamGame2\KansyaTeamGame2\ObjBlock.cpp(339,17): warning C4244: '引数': 'int' から 'float' への変換です。データが失われる可能性があります。
C:\Users\GA1B\source\repos\KansyaTeamGame2\KansyaTeamGame2\ObjBlock.cpp(339,9): warning C4244: '引数': 'int' から 'float' への変換です。データが失われる可能性があります。
C:\Users\GA1B\source\repos\KansyaTeamGame2\KansyaTeamGame2\ObjBlock.cpp(346,15): warning C4244: '=': 'double' から 'float' への変換です。データが失われる可能性があります。
  ObjBoss1.cpp
C:\Users\GA1B\source\repos\KansyaTeamGame2\KansyaTeamGame2\ObjEnemy3.h(44,8): error C2371: 'CObjEnemy3::e_hp': 再定義されています。異なる基本型です。
C:\Users\GA1B\source\repos\KansyaTeamGame2\KansyaTeamGame2\ObjEnemy3.h(23): message : 'CObjEnemy3::e_hp' の宣言を確認してください
C:\Users\GA1B\source\repos\KansyaTeamGame2\KansyaTeamGame2\ObjEnemy4.h(33,8): error C2371: 'CObjEnemy4::e_hp': 再定義されています。異なる基本型です。
C:\Users\GA1B\source\repos\KansyaTeamGame2\KansyaTeamGame2\ObjEnemy4.h(23): message : 'CObjEnemy4::e_hp' の宣言を確認してください
C:\Users\GA1B\source\repos\KansyaTeamGame2\KansyaTeamGame2\ObjBoss1.cpp(44,23): warning C4305: '+=': 'double' から 'float' へ切り詰めます。
  ObjBullet.cpp
C:\Users\GA1B\source\repos\KansyaTeamGame2\KansyaTeamGame2\ObjEnemy3.h(44,8): error C2371: 'CObjEnemy3::e_hp': 再定義されています。異なる基本型です。
C:\Users\GA1B\source\repos\KansyaTeamGame2\KansyaTeamGame2\ObjEnemy3.h(23): message : 'CObjEnemy3::e_hp' の宣言を確認してください
C:\Users\GA1B\source\repos\KansyaTeamGame2\KansyaTeamGame2\ObjEnemy4.h(33,8): error C2371: 'CObjEnemy4::e_hp': 再定義されています。異なる基本型です。
C:\Users\GA1B\source\repos\KansyaTeamGame2\KansyaTeamGame2\ObjEnemy4.h(23): message : 'CObjEnemy4::e_hp' の宣言を確認してください
  ObjCustomize.cpp
C:\Users\GA1B\source\repos\KansyaTeamGame2\KansyaTeamGame2\ObjEnemy3.h(44,8): error C2371: 'CObjEnemy3::e_hp': 再定義されています。異なる基本型です。
C:\Users\GA1B\source\repos\KansyaTeamGame2\KansyaTeamGame2\ObjEnemy3.h(23): message : 'CObjEnemy3::e_hp' の宣言を確認してください
C:\Users\GA1B\source\repos\KansyaTeamGame2\KansyaTeamGame2\ObjEnemy4.h(33,8): error C2371: 'CObjEnemy4::e_hp': 再定義されています。異なる基本型です。
C:\Users\GA1B\source\repos\KansyaTeamGame2\KansyaTeamGame2\ObjEnemy4.h(23): message : 'CObjEnemy4::e_hp' の宣言を確認してください
C:\Users\GA1B\source\repos\KansyaTeamGame2\KansyaTeamGame2\ObjCustomize.cpp(30,30): warning C4244: '=': 'float' から 'int' への変換です。データが失われる可能性があります。
  ObjEnemy.cpp
C:\Users\GA1B\source\repos\KansyaTeamGame2\KansyaTeamGame2\ObjEnemy3.h(44,8): error C2371: 'CObjEnemy3::e_hp': 再定義されています。異なる基本型です。
C:\Users\GA1B\source\repos\KansyaTeamGame2\KansyaTeamGame2\ObjEnemy3.h(23): message : 'CObjEnemy3::e_hp' の宣言を確認してください
C:\Users\GA1B\source\repos\KansyaTeamGame2\KansyaTeamGame2\ObjEnemy4.h(33,8): error C2371: 'CObjEnemy4::e_hp': 再定義されています。異なる基本型です。
C:\Users\GA1B\source\repos\KansyaTeamGame2\KansyaTeamGame2\ObjEnemy4.h(23): message : 'CObjEnemy4::e_hp' の宣言を確認してください
C:\Users\GA1B\source\repos\KansyaTeamGame2\KansyaTeamGame2\ObjEnemy.cpp(26,15): warning C4305: '=': 'double' から 'float' へ切り詰めます。
C:\Users\GA1B\source\repos\KansyaTeamGame2\KansyaTeamGame2\ObjEnemy.cpp(46,51): warning C4244: '=': 'double' から 'float' への変換です。データが失われる可能性があります。
C:\Users\GA1B\source\repos\KansyaTeamGame2\KansyaTeamGame2\ObjEnemy.cpp(97,23): warning C4305: '+=': 'double' から 'float' へ切り詰めます。
C:\Users\GA1B\source\repos\KansyaTeamGame2\KansyaTeamGame2\ObjEnemy.cpp(130,16): warning C4305: '=': 'double' から 'float' へ切り詰めます。
C:\Users\GA1B\source\repos\KansyaTeamGame2\KansyaTeamGame2\ObjEnemy.cpp(141,8): warning C4552: '<=': 式の結果が使用されていません
C:\Users\GA1B\source\repos\KansyaTeamGame2\KansyaTeamGame2\ObjEnemy.cpp(161,38): warning C4244: '-=': 'float' から 'int' への変換です。データが失われる可能性があります。
C:\Users\GA1B\source\repos\KansyaTeamGame2\KansyaTeamGame2\ObjEnemy.cpp(166,39): warning C4244: '-=': 'float' から 'int' への変換です。データが失われる可能性があります。
  ObjEnemy2.cpp
C:\Users\GA1B\source\repos\KansyaTeamGame2\KansyaTeamGame2\ObjEnemy3.h(44,8): error C2371: 'CObjEnemy3::e_hp': 再定義されています。異なる基本型です。
C:\Users\GA1B\source\repos\KansyaTeamGame2\KansyaTeamGame2\ObjEnemy3.h(23): message : 'CObjEnemy3::e_hp' の宣言を確認してください
C:\Users\GA1B\source\repos\KansyaTeamGame2\KansyaTeamGame2\ObjEnemy4.h(33,8): error C2371: 'CObjEnemy4::e_hp': 再定義されています。異なる基本型です。
C:\Users\GA1B\source\repos\KansyaTeamGame2\KansyaTeamGame2\ObjEnemy4.h(23): message : 'CObjEnemy4::e_hp' の宣言を確認してください
C:\Users\GA1B\source\repos\KansyaTeamGame2\KansyaTeamGame2\ObjEnemy2.cpp(46,51): warning C4244: '=': 'double' から 'float' への変換です。データが失われる可能性があります。
C:\Users\GA1B\source\repos\KansyaTeamGame2\KansyaTeamGame2\ObjEnemy2.cpp(61,16): warning C4305: '=': 'double' から 'float' へ切り詰めます。
C:\Users\GA1B\source\repos\KansyaTeamGame2\KansyaTeamGame2\ObjEnemy2.cpp(70,23): warning C4305: '+=': 'double' から 'float' へ切り詰めます。
  ObjEnemy3.cpp
C:\Users\GA1B\source\repos\KansyaTeamGame2\KansyaTeamGame2\ObjEnemy3.h(44,8): error C2371: 'CObjEnemy3::e_hp': 再定義されています。異なる基本型です。
C:\Users\GA1B\source\repos\KansyaTeamGame2\KansyaTeamGame2\ObjEnemy3.h(23): message : 'CObjEnemy3::e_hp' の宣言を確認してください
C:\Users\GA1B\source\repos\KansyaTeamGame2\KansyaTeamGame2\ObjEnemy4.h(33,8): error C2371: 'CObjEnemy4::e_hp': 再定義されています。異なる基本型です。
C:\Users\GA1B\source\repos\KansyaTeamGame2\KansyaTeamGame2\ObjEnemy4.h(23): message : 'CObjEnemy4::e_hp' の宣言を確認してください
C:\Users\GA1B\source\repos\KansyaTeamGame2\KansyaTeamGame2\ObjEnemy3.cpp(40,51): warning C4244: '=': 'double' から 'float' への変換です。データが失われる可能性があります。
C:\Users\GA1B\source\repos\KansyaTeamGame2\KansyaTeamGame2\ObjEnemy3.cpp(68,23): warning C4305: '+=': 'double' から 'float' へ切り詰めます。
  ObjEnemy4.cpp
C:\Users\GA1B\source\repos\KansyaTeamGame2\KansyaTeamGame2\ObjEnemy3.h(44,8): error C2371: 'CObjEnemy3::e_hp': 再定義されています。異なる基本型です。
C:\Users\GA1B\source\repos\KansyaTeamGame2\KansyaTeamGame2\ObjEnemy3.h(23): message : 'CObjEnemy3::e_hp' の宣言を確認してください
C:\Users\GA1B\source\repos\KansyaTeamGame2\KansyaTeamGame2\ObjEnemy4.h(33,8): error C2371: 'CObjEnemy4::e_hp': 再定義されています。異なる基本型です。
C:\Users\GA1B\source\repos\KansyaTeamGame2\KansyaTeamGame2\ObjEnemy4.h(23): message : 'CObjEnemy4::e_hp' の宣言を確認してください
C:\Users\GA1B\source\repos\KansyaTeamGame2\KansyaTeamGame2\ObjEnemy4.cpp(100,51): warning C4244: '=': 'double' から 'float' への変換です。データが失われる可能性があります。
  ObjEnemyAmount.cpp
C:\Users\GA1B\source\repos\KansyaTeamGame2\KansyaTeamGame2\ObjEnemy3.h(44,8): error C2371: 'CObjEnemy3::e_hp': 再定義されています。異なる基本型です。
C:\Users\GA1B\source\repos\KansyaTeamGame2\KansyaTeamGame2\ObjEnemy3.h(23): message : 'CObjEnemy3::e_hp' の宣言を確認してください
C:\Users\GA1B\source\repos\KansyaTeamGame2\KansyaTeamGame2\ObjEnemy4.h(33,8): error C2371: 'CObjEnemy4::e_hp': 再定義されています。異なる基本型です。
C:\Users\GA1B\source\repos\KansyaTeamGame2\KansyaTeamGame2\ObjEnemy4.h(23): message : 'CObjEnemy4::e_hp' の宣言を確認してください
  ObjGameClear.cpp
C:\Users\GA1B\source\repos\KansyaTeamGame2\KansyaTeamGame2\ObjEnemy3.h(44,8): error C2371: 'CObjEnemy3::e_hp': 再定義されています。異なる基本型です。
C:\Users\GA1B\source\repos\KansyaTeamGame2\KansyaTeamGame2\ObjEnemy3.h(23): message : 'CObjEnemy3::e_hp' の宣言を確認してください
C:\Users\GA1B\source\repos\KansyaTeamGame2\KansyaTeamGame2\ObjEnemy4.h(33,8): error C2371: 'CObjEnemy4::e_hp': 再定義されています。異なる基本型です。
C:\Users\GA1B\source\repos\KansyaTeamGame2\KansyaTeamGame2\ObjEnemy4.h(23): message : 'CObjEnemy4::e_hp' の宣言を確認してください
C:\Users\GA1B\source\repos\KansyaTeamGame2\KansyaTeamGame2\ObjGameClear.cpp(38,44): warning C4244: '=': 'float' から 'int' への変換です。データが失われる可能性があります。
  ObjGameOver.cpp
C:\Users\GA1B\source\repos\KansyaTeamGame2\KansyaTeamGame2\ObjEnemy3.h(44,8): error C2371: 'CObjEnemy3::e_hp': 再定義されています。異なる基本型です。
C:\Users\GA1B\source\repos\KansyaTeamGame2\KansyaTeamGame2\ObjEnemy3.h(23): message : 'CObjEnemy3::e_hp' の宣言を確認してください
C:\Users\GA1B\source\repos\KansyaTeamGame2\KansyaTeamGame2\ObjEnemy4.h(33,8): error C2371: 'CObjEnemy4::e_hp': 再定義されています。異なる基本型です。
C:\Users\GA1B\source\repos\KansyaTeamGame2\KansyaTeamGame2\ObjEnemy4.h(23): message : 'CObjEnemy4::e_hp' の宣言を確認してください
  ObjGaugeBaseMana.cpp
C:\Users\GA1B\source\repos\KansyaTeamGame2\KansyaTeamGame2\ObjEnemy3.h(44,8): error C2371: 'CObjEnemy3::e_hp': 再定義されています。異なる基本型です。
C:\Users\GA1B\source\repos\KansyaTeamGame2\KansyaTeamGame2\ObjEnemy3.h(23): message : 'CObjEnemy3::e_hp' の宣言を確認してください
C:\Users\GA1B\source\repos\KansyaTeamGame2\KansyaTeamGame2\ObjEnemy4.h(33,8): error C2371: 'CObjEnemy4::e_hp': 再定義されています。異なる基本型です。
C:\Users\GA1B\source\repos\KansyaTeamGame2\KansyaTeamGame2\ObjEnemy4.h(23): message : 'CObjEnemy4::e_hp' の宣言を確認してください
  ObjGaugeHP.cpp
C:\Users\GA1B\source\repos\KansyaTeamGame2\KansyaTeamGame2\ObjEnemy3.h(44,8): error C2371: 'CObjEnemy3::e_hp': 再定義されています。異なる基本型です。
C:\Users\GA1B\source\repos\KansyaTeamGame2\KansyaTeamGame2\ObjEnemy3.h(23): message : 'CObjEnemy3::e_hp' の宣言を確認してください
C:\Users\GA1B\source\repos\KansyaTeamGame2\KansyaTeamGame2\ObjEnemy4.h(33,8): error C2371: 'CObjEnemy4::e_hp': 再定義されています。異なる基本型です。
C:\Users\GA1B\source\repos\KansyaTeamGame2\KansyaTeamGame2\ObjEnemy4.h(23): message : 'CObjEnemy4::e_hp' の宣言を確認してください
C:\Users\GA1B\source\repos\KansyaTeamGame2\KansyaTeamGame2\ObjGaugeHP.cpp(29,18): warning C4244: '=': 'int' から 'float' への変換です。データが失われる可能性があります。
C:\Users\GA1B\source\repos\KansyaTeamGame2\KansyaTeamGame2\ObjGaugeHP.cpp(30,24): warning C4244: '=': 'int' から 'float' への変換です。データが失われる可能性があります。
  コードを生成中...
  コンパイル中...
  ObjGaugeMP.cpp
C:\Users\GA1B\source\repos\KansyaTeamGame2\KansyaTeamGame2\ObjEnemy3.h(44,8): error C2371: 'CObjEnemy3::e_hp': 再定義されています。異なる基本型です。
C:\Users\GA1B\source\repos\KansyaTeamGame2\KansyaTeamGame2\ObjEnemy3.h(23): message : 'CObjEnemy3::e_hp' の宣言を確認してください
C:\Users\GA1B\source\repos\KansyaTeamGame2\KansyaTeamGame2\ObjEnemy4.h(33,8): error C2371: 'CObjEnemy4::e_hp': 再定義されています。異なる基本型です。
C:\Users\GA1B\source\repos\KansyaTeamGame2\KansyaTeamGame2\ObjEnemy4.h(23): message : 'CObjEnemy4::e_hp' の宣言を確認してください
C:\Users\GA1B\source\repos\KansyaTeamGame2\KansyaTeamGame2\ObjGaugeMP.cpp(26,30): warning C4244: '=': 'int' から 'float' への変換です。データが失われる可能性があります。
C:\Users\GA1B\source\repos\KansyaTeamGame2\KansyaTeamGame2\ObjGaugeMP.cpp(27,36): warning C4244: '=': 'int' から 'float' への変換です。データが失われる可能性があります。
  ObjGaugeMana.cpp
C:\Users\GA1B\source\repos\KansyaTeamGame2\KansyaTeamGame2\ObjEnemy3.h(44,8): error C2371: 'CObjEnemy3::e_hp': 再定義されています。異なる基本型です。
C:\Users\GA1B\source\repos\KansyaTeamGame2\KansyaTeamGame2\ObjEnemy3.h(23): message : 'CObjEnemy3::e_hp' の宣言を確認してください
C:\Users\GA1B\source\repos\KansyaTeamGame2\KansyaTeamGame2\ObjEnemy4.h(33,8): error C2371: 'CObjEnemy4::e_hp': 再定義されています。異なる基本型です。
C:\Users\GA1B\source\repos\KansyaTeamGame2\KansyaTeamGame2\ObjEnemy4.h(23): message : 'CObjEnemy4::e_hp' の宣言を確認してください
C:\Users\GA1B\source\repos\KansyaTeamGame2\KansyaTeamGame2\ObjGaugeMana.cpp(40,31): warning C4244: '=': 'double' から 'float' への変換です。データが失われる可能性があります。
  ObjHero.cpp
C:\Users\GA1B\source\repos\KansyaTeamGame2\KansyaTeamGame2\ObjEnemy3.h(44,8): error C2371: 'CObjEnemy3::e_hp': 再定義されています。異なる基本型です。
C:\Users\GA1B\source\repos\KansyaTeamGame2\KansyaTeamGame2\ObjEnemy3.h(23): message : 'CObjEnemy3::e_hp' の宣言を確認してください
C:\Users\GA1B\source\repos\KansyaTeamGame2\KansyaTeamGame2\ObjEnemy4.h(33,8): error C2371: 'CObjEnemy4::e_hp': 再定義されています。異なる基本型です。
C:\Users\GA1B\source\repos\KansyaTeamGame2\KansyaTeamGame2\ObjEnemy4.h(23): message : 'CObjEnemy4::e_hp' の宣言を確認してください
C:\Users\GA1B\source\repos\KansyaTeamGame2\KansyaTeamGame2\ObjHero.cpp(57,51): warning C4244: '=': 'double' から 'float' への変換です。データが失われる可能性があります。
C:\Users\GA1B\source\repos\KansyaTeamGame2\KansyaTeamGame2\ObjHero.cpp(85,24): warning C4305: '+=': 'double' から 'float' へ切り詰めます。
C:\Users\GA1B\source\repos\KansyaTeamGame2\KansyaTeamGame2\ObjHero.cpp(95,15): warning C4305: '-=': 'double' から 'float' へ切り詰めます。
C:\Users\GA1B\source\repos\KansyaTeamGame2\KansyaTeamGame2\ObjHero.cpp(103,15): warning C4305: '+=': 'double' から 'float' へ切り詰めます。
C:\Users\GA1B\source\repos\KansyaTeamGame2\KansyaTeamGame2\ObjHero.cpp(116,16): warning C4244: '=': 'double' から 'float' への変換です。データが失われる可能性があります。
C:\Users\GA1B\source\repos\KansyaTeamGame2\KansyaTeamGame2\ObjHero.cpp(150,72): warning C4244: '引数': 'float' から 'int' への変換です。データが失われる可能性があります。
C:\Users\GA1B\source\repos\KansyaTeamGame2\KansyaTeamGame2\ObjHero.cpp(159,50): warning C4244: '引数': 'float' から 'int' への変換です。データが失われる可能性があります。
C:\Users\GA1B\source\repos\KansyaTeamGame2\KansyaTeamGame2\ObjHero.cpp(324,39): warning C4838: 'int' から 'float' への変換には縮小変換が必要です
C:\Users\GA1B\source\repos\KansyaTeamGame2\KansyaTeamGame2\ObjHero.cpp(324,39): warning C4244: '初期化中': 'int' から 'float' への変換です。データが失われる可能性があります。
C:\Users\GA1B\source\repos\KansyaTeamGame2\KansyaTeamGame2\ObjHero.cpp(346,9): warning C4244: 'return': 'float' から 'int' への変換です。データが失われる可能性があります。
C:\Users\GA1B\source\repos\KansyaTeamGame2\KansyaTeamGame2\ObjHero.cpp(351,9): warning C4244: 'return': 'float' から 'int' への変換です。データが失われる可能性があります。
  ObjMagicalGirl.cpp
C:\Users\GA1B\source\repos\KansyaTeamGame2\KansyaTeamGame2\ObjEnemy3.h(44,8): error C2371: 'CObjEnemy3::e_hp': 再定義されています。異なる基本型です。
C:\Users\GA1B\source\repos\KansyaTeamGame2\KansyaTeamGame2\ObjEnemy3.h(23): message : 'CObjEnemy3::e_hp' の宣言を確認してください
C:\Users\GA1B\source\repos\KansyaTeamGame2\KansyaTeamGame2\ObjEnemy4.h(33,8): error C2371: 'CObjEnemy4::e_hp': 再定義されています。異なる基本型です。
C:\Users\GA1B\source\repos\KansyaTeamGame2\KansyaTeamGame2\ObjEnemy4.h(23): message : 'CObjEnemy4::e_hp' の宣言を確認してください
  ObjMana.cpp
C:\Users\GA1B\source\repos\KansyaTeamGame2\KansyaTeamGame2\ObjEnemy3.h(44,8): error C2371: 'CObjEnemy3::e_hp': 再定義されています。異なる基本型です。
C:\Users\GA1B\source\repos\KansyaTeamGame2\KansyaTeamGame2\ObjEnemy3.h(23): message : 'CObjEnemy3::e_hp' の宣言を確認してください
C:\Users\GA1B\source\repos\KansyaTeamGame2\KansyaTeamGame2\ObjEnemy4.h(33,8): error C2371: 'CObjEnemy4::e_hp': 再定義されています。異なる基本型です。
C:\Users\GA1B\source\repos\KansyaTeamGame2\KansyaTeamGame2\ObjEnemy4.h(23): message : 'CObjEnemy4::e_hp' の宣言を確認してください
C:\Users\GA1B\source\repos\KansyaTeamGame2\KansyaTeamGame2\ObjMana.cpp(89,18): warning C4305: '-=': 'double' から 'float' へ切り詰めます。
C:\Users\GA1B\source\repos\KansyaTeamGame2\KansyaTeamGame2\ObjMana.cpp(96,18): warning C4305: '-=': 'double' から 'float' へ切り詰めます。
  ObjModeSelect.cpp
C:\Users\GA1B\source\repos\KansyaTeamGame2\KansyaTeamGame2\ObjEnemy3.h(44,8): error C2371: 'CObjEnemy3::e_hp': 再定義されています。異なる基本型です。
C:\Users\GA1B\source\repos\KansyaTeamGame2\KansyaTeamGame2\ObjEnemy3.h(23): message : 'CObjEnemy3::e_hp' の宣言を確認してください
C:\Users\GA1B\source\repos\KansyaTeamGame2\KansyaTeamGame2\ObjEnemy4.h(33,8): error C2371: 'CObjEnemy4::e_hp': 再定義されています。異なる基本型です。
C:\Users\GA1B\source\repos\KansyaTeamGame2\KansyaTeamGame2\ObjEnemy4.h(23): message : 'CObjEnemy4::e_hp' の宣言を確認してください
C:\Users\GA1B\source\repos\KansyaTeamGame2\KansyaTeamGame2\ObjModeSelect.cpp(167,20): warning C4244: '引数': 'int' から 'float' への変換です。データが失われる可能性があります。
C:\Users\GA1B\source\repos\KansyaTeamGame2\KansyaTeamGame2\ObjModeSelect.cpp(173,70): warning C4305: '引数': 'double' から 'float' へ切り詰めます。
  ObjPauseMenu.cpp
C:\Users\GA1B\source\repos\KansyaTeamGame2\KansyaTeamGame2\ObjEnemy3.h(44,8): error C2371: 'CObjEnemy3::e_hp': 再定義されています。異なる基本型です。
C:\Users\GA1B\source\repos\KansyaTeamGame2\KansyaTeamGame2\ObjEnemy3.h(23): message : 'CObjEnemy3::e_hp' の宣言を確認してください
C:\Users\GA1B\source\repos\KansyaTeamGame2\KansyaTeamGame2\ObjEnemy4.h(33,8): error C2371: 'CObjEnemy4::e_hp': 再定義されています。異なる基本型です。
C:\Users\GA1B\source\repos\KansyaTeamGame2\KansyaTeamGame2\ObjEnemy4.h(23): message : 'CObjEnemy4::e_hp' の宣言を確認してください
  ObjSetting.cpp
C:\Users\GA1B\source\repos\KansyaTeamGame2\KansyaTeamGame2\ObjEnemy3.h(44,8): error C2371: 'CObjEnemy3::e_hp': 再定義されています。異なる基本型です。
C:\Users\GA1B\source\repos\KansyaTeamGame2\KansyaTeamGame2\ObjEnemy3.h(23): message : 'CObjEnemy3::e_hp' の宣言を確認してください
C:\Users\GA1B\source\repos\KansyaTeamGame2\KansyaTeamGame2\ObjEnemy4.h(33,8): error C2371: 'CObjEnemy4::e_hp': 再定義されています。異なる基本型です。
C:\Users\GA1B\source\repos\KansyaTeamGame2\KansyaTeamGame2\ObjEnemy4.h(23): message : 'CObjEnemy4::e_hp' の宣言を確認してください
C:\Users\GA1B\source\repos\KansyaTeamGame2\KansyaTeamGame2\ObjSetting.cpp(28,30): warning C4244: '=': 'float' から 'int' への変換です。データが失われる可能性があります。
  ObjSlimeBall.cpp
C:\Users\GA1B\source\repos\KansyaTeamGame2\KansyaTeamGame2\ObjEnemy3.h(44,8): error C2371: 'CObjEnemy3::e_hp': 再定義されています。異なる基本型です。
C:\Users\GA1B\source\repos\KansyaTeamGame2\KansyaTeamGame2\ObjEnemy3.h(23): message : 'CObjEnemy3::e_hp' の宣言を確認してください
C:\Users\GA1B\source\repos\KansyaTeamGame2\KansyaTeamGame2\ObjEnemy4.h(33,8): error C2371: 'CObjEnemy4::e_hp': 再定義されています。異なる基本型です。
C:\Users\GA1B\source\repos\KansyaTeamGame2\KansyaTeamGame2\ObjEnemy4.h(23): message : 'CObjEnemy4::e_hp' の宣言を確認してください
C:\Users\GA1B\source\repos\KansyaTeamGame2\KansyaTeamGame2\ObjSlimeBall.cpp(45,11): warning C4244: '初期化中': 'double' から 'float' への変換です。データが失われる可能性があります。
C:\Users\GA1B\source\repos\KansyaTeamGame2\KansyaTeamGame2\ObjSlimeBall.cpp(52,12): warning C4244: '=': 'double' から 'float' への変換です。データが失われる可能性があります。
C:\Users\GA1B\source\repos\KansyaTeamGame2\KansyaTeamGame2\ObjSlimeBall.cpp(54,9): warning C4244: '=': 'double' から 'float' への変換です。データが失われる可能性があります。
  ObjSmallSlim.cpp
C:\Users\GA1B\source\repos\KansyaTeamGame2\KansyaTeamGame2\ObjEnemy3.h(44,8): error C2371: 'CObjEnemy3::e_hp': 再定義されています。異なる基本型です。
C:\Users\GA1B\source\repos\KansyaTeamGame2\KansyaTeamGame2\ObjEnemy3.h(23): message : 'CObjEnemy3::e_hp' の宣言を確認してください
C:\Users\GA1B\source\repos\KansyaTeamGame2\KansyaTeamGame2\ObjEnemy4.h(33,8): error C2371: 'CObjEnemy4::e_hp': 再定義されています。異なる基本型です。
C:\Users\GA1B\source\repos\KansyaTeamGame2\KansyaTeamGame2\ObjEnemy4.h(23): message : 'CObjEnemy4::e_hp' の宣言を確認してください
C:\Users\GA1B\source\repos\KansyaTeamGame2\KansyaTeamGame2\ObjSmallSlim.cpp(44,51): warning C4244: '=': 'double' から 'float' への変換です。データが失われる可能性があります。
C:\Users\GA1B\source\repos\KansyaTeamGame2\KansyaTeamGame2\ObjSmallSlim.cpp(61,23): warning C4305: '+=': 'double' から 'float' へ切り詰めます。
  ObjStageSelect.cpp
C:\Users\GA1B\source\repos\KansyaTeamGame2\KansyaTeamGame2\ObjEnemy3.h(44,8): error C2371: 'CObjEnemy3::e_hp': 再定義されています。異なる基本型です。
C:\Users\GA1B\source\repos\KansyaTeamGame2\KansyaTeamGame2\ObjEnemy3.h(23): message : 'CObjEnemy3::e_hp' の宣言を確認してください
C:\Users\GA1B\source\repos\KansyaTeamGame2\KansyaTeamGame2\ObjEnemy4.h(33,8): error C2371: 'CObjEnemy4::e_hp': 再定義されています。異なる基本型です。
C:\Users\GA1B\source\repos\KansyaTeamGame2\KansyaTeamGame2\ObjEnemy4.h(23): message : 'CObjEnemy4::e_hp' の宣言を確認してください
C:\Users\GA1B\source\repos\KansyaTeamGame2\KansyaTeamGame2\ObjStageSelect.cpp(36,64): warning C4244: '=': 'float' から 'int' への変換です。データが失われる可能性があります。
C:\Users\GA1B\source\repos\KansyaTeamGame2\KansyaTeamGame2\ObjStageSelect.cpp(159,37): warning C4244: '引数': 'int' から 'float' への変換です。データが失われる可能性があります。
  ObjSword.cpp
C:\Users\GA1B\source\repos\KansyaTeamGame2\KansyaTeamGame2\ObjEnemy3.h(44,8): error C2371: 'CObjEnemy3::e_hp': 再定義されています。異なる基本型です。
C:\Users\GA1B\source\repos\KansyaTeamGame2\KansyaTeamGame2\ObjEnemy3.h(23): message : 'CObjEnemy3::e_hp' の宣言を確認してください
C:\Users\GA1B\source\repos\KansyaTeamGame2\KansyaTeamGame2\ObjEnemy4.h(33,8): error C2371: 'CObjEnemy4::e_hp': 再定義されています。異なる基本型です。
C:\Users\GA1B\source\repos\KansyaTeamGame2\KansyaTeamGame2\ObjEnemy4.h(23): message : 'CObjEnemy4::e_hp' の宣言を確認してください
  ObjTitle.cpp
C:\Users\GA1B\source\repos\KansyaTeamGame2\KansyaTeamGame2\ObjEnemy3.h(44,8): error C2371: 'CObjEnemy3::e_hp': 再定義されています。異なる基本型です。
C:\Users\GA1B\source\repos\KansyaTeamGame2\KansyaTeamGame2\ObjEnemy3.h(23): message : 'CObjEnemy3::e_hp' の宣言を確認してください
C:\Users\GA1B\source\repos\KansyaTeamGame2\KansyaTeamGame2\ObjEnemy4.h(33,8): error C2371: 'CObjEnemy4::e_hp': 再定義されています。異なる基本型です。
C:\Users\GA1B\source\repos\KansyaTeamGame2\KansyaTeamGame2\ObjEnemy4.h(23): message : 'CObjEnemy4::e_hp' の宣言を確認してください
  SceneGameClear.cpp
C:\Users\GA1B\source\repos\KansyaTeamGame2\KansyaTeamGame2\GameL\SceneObjManager.h(4,1): warning C4005: '_SECURE_SCL': マクロが再定義されました。
C:\Users\GA1B\source\repos\KansyaTeamGame2\KansyaTeamGame2\SceneGameClear.cpp(3): message : '_SECURE_SCL' の以前の定義を確認してください
C:\Users\GA1B\source\repos\KansyaTeamGame2\KansyaTeamGame2\GameL\SceneObjManager.h(5,1): warning C4005: '_HAS_ITERATOR_DEBUGGING': マクロが再定義されました。
C:\Users\GA1B\source\repos\KansyaTeamGame2\KansyaTeamGame2\SceneGameClear.cpp(4): message : '_HAS_ITERATOR_DEBUGGING' の以前の定義を確認してください
C:\Users\GA1B\source\repos\KansyaTeamGame2\KansyaTeamGame2\ObjEnemy3.h(44,8): error C2371: 'CObjEnemy3::e_hp': 再定義されています。異なる基本型です。
C:\Users\GA1B\source\repos\KansyaTeamGame2\KansyaTeamGame2\ObjEnemy3.h(23): message : 'CObjEnemy3::e_hp' の宣言を確認してください
C:\Users\GA1B\source\repos\KansyaTeamGame2\KansyaTeamGame2\ObjEnemy4.h(33,8): error C2371: 'CObjEnemy4::e_hp': 再定義されています。異なる基本型です。
C:\Users\GA1B\source\repos\KansyaTeamGame2\KansyaTeamGame2\ObjEnemy4.h(23): message : 'CObjEnemy4::e_hp' の宣言を確認してください
  SceneGameOver.cpp
C:\Users\GA1B\source\repos\KansyaTeamGame2\KansyaTeamGame2\GameL\SceneObjManager.h(4,1): warning C4005: '_SECURE_SCL': マクロが再定義されました。
C:\Users\GA1B\source\repos\KansyaTeamGame2\KansyaTeamGame2\SceneGameOver.cpp(3): message : '_SECURE_SCL' の以前の定義を確認してください
C:\Users\GA1B\source\repos\KansyaTeamGame2\KansyaTeamGame2\GameL\SceneObjManager.h(5,1): warning C4005: '_HAS_ITERATOR_DEBUGGING': マクロが再定義されました。
C:\Users\GA1B\source\repos\KansyaTeamGame2\KansyaTeamGame2\SceneGameOver.cpp(4): message : '_HAS_ITERATOR_DEBUGGING' の以前の定義を確認してください
C:\Users\GA1B\source\repos\KansyaTeamGame2\KansyaTeamGame2\ObjEnemy3.h(44,8): error C2371: 'CObjEnemy3::e_hp': 再定義されています。異なる基本型です。
C:\Users\GA1B\source\repos\KansyaTeamGame2\KansyaTeamGame2\ObjEnemy3.h(23): message : 'CObjEnemy3::e_hp' の宣言を確認してください
C:\Users\GA1B\source\repos\KansyaTeamGame2\KansyaTeamGame2\ObjEnemy4.h(33,8): error C2371: 'CObjEnemy4::e_hp': 再定義されています。異なる基本型です。
C:\Users\GA1B\source\repos\KansyaTeamGame2\KansyaTeamGame2\ObjEnemy4.h(23): message : 'CObjEnemy4::e_hp' の宣言を確認してください
  SceneMain.cpp
C:\Users\GA1B\source\repos\KansyaTeamGame2\KansyaTeamGame2\GameL\SceneObjManager.h(4,1): warning C4005: '_SECURE_SCL': マクロが再定義されました。
C:\Users\GA1B\source\repos\KansyaTeamGame2\KansyaTeamGame2\SceneMain.cpp(2): message : '_SECURE_SCL' の以前の定義を確認してください
C:\Users\GA1B\source\repos\KansyaTeamGame2\KansyaTeamGame2\GameL\SceneObjManager.h(5,1): warning C4005: '_HAS_ITERATOR_DEBUGGING': マクロが再定義されました。
C:\Users\GA1B\source\repos\KansyaTeamGame2\KansyaTeamGame2\SceneMain.cpp(3): message : '_HAS_ITERATOR_DEBUGGING' の以前の定義を確認してください
C:\Users\GA1B\source\repos\KansyaTeamGame2\KansyaTeamGame2\ObjEnemy3.h(44,8): error C2371: 'CObjEnemy3::e_hp': 再定義されています。異なる基本型です。
C:\Users\GA1B\source\repos\KansyaTeamGame2\KansyaTeamGame2\ObjEnemy3.h(23): message : 'CObjEnemy3::e_hp' の宣言を確認してください
C:\Users\GA1B\source\repos\KansyaTeamGame2\KansyaTeamGame2\ObjEnemy4.h(33,8): error C2371: 'CObjEnemy4::e_hp': 再定義されています。異なる基本型です。
C:\Users\GA1B\source\repos\KansyaTeamGame2\KansyaTeamGame2\ObjEnemy4.h(23): message : 'CObjEnemy4::e_hp' の宣言を確認してください
C:\Users\GA1B\source\repos\KansyaTeamGame2\KansyaTeamGame2\SceneMain.cpp(48,37): warning C4474: 'swprintf_s': 書式文字列に渡された引数の数が多すぎます
C:\Users\GA1B\source\repos\KansyaTeamGame2\KansyaTeamGame2\SceneMain.cpp(48,37): message : プレースホルダーとそのパラメーターには 0 の可変個引数が必要ですが、1 が指定されています。
  SceneMenu.cpp
C:\Users\GA1B\source\repos\KansyaTeamGame2\KansyaTeamGame2\GameL\SceneObjManager.h(4,1): warning C4005: '_SECURE_SCL': マクロが再定義されました。
C:\Users\GA1B\source\repos\KansyaTeamGame2\KansyaTeamGame2\SceneMenu.cpp(3): message : '_SECURE_SCL' の以前の定義を確認してください
C:\Users\GA1B\source\repos\KansyaTeamGame2\KansyaTeamGame2\GameL\SceneObjManager.h(5,1): warning C4005: '_HAS_ITERATOR_DEBUGGING': マクロが再定義されました。
C:\Users\GA1B\source\repos\KansyaTeamGame2\KansyaTeamGame2\SceneMenu.cpp(4): message : '_HAS_ITERATOR_DEBUGGING' の以前の定義を確認してください
C:\Users\GA1B\source\repos\KansyaTeamGame2\KansyaTeamGame2\ObjEnemy3.h(44,8): error C2371: 'CObjEnemy3::e_hp': 再定義されています。異なる基本型です。
C:\Users\GA1B\source\repos\KansyaTeamGame2\KansyaTeamGame2\ObjEnemy3.h(23): message : 'CObjEnemy3::e_hp' の宣言を確認してください
C:\Users\GA1B\source\repos\KansyaTeamGame2\KansyaTeamGame2\ObjEnemy4.h(33,8): error C2371: 'CObjEnemy4::e_hp': 再定義されています。異なる基本型です。
C:\Users\GA1B\source\repos\KansyaTeamGame2\KansyaTeamGame2\ObjEnemy4.h(23): message : 'CObjEnemy4::e_hp' の宣言を確認してください
  SceneTitle.cpp
C:\Users\GA1B\source\repos\KansyaTeamGame2\KansyaTeamGame2\GameL\SceneObjManager.h(5,1): warning C4005: '_HAS_ITERATOR_DEBUGGING': マクロが再定義されました。
C:\Users\GA1B\source\repos\KansyaTeamGame2\KansyaTeamGame2\SceneTitle.cpp(3): message : '_HAS_ITERATOR_DEBUGGING' の以前の定義を確認してください
C:\Users\GA1B\source\repos\KansyaTeamGame2\KansyaTeamGame2\ObjEnemy3.h(44,8): error C2371: 'CObjEnemy3::e_hp': 再定義されています。異なる基本型です。
C:\Users\GA1B\source\repos\KansyaTeamGame2\KansyaTeamGame2\ObjEnemy3.h(23): message : 'CObjEnemy3::e_hp' の宣言を確認してください
C:\Users\GA1B\source\repos\KansyaTeamGame2\KansyaTeamGame2\ObjEnemy4.h(33,8): error C2371: 'CObjEnemy4::e_hp': 再定義されています。異なる基本型です。
C:\Users\GA1B\source\repos\KansyaTeamGame2\KansyaTeamGame2\ObjEnemy4.h(23): message : 'CObjEnemy4::e_hp' の宣言を確認してください
  UtilityModule.cpp
C:\Users\GA1B\source\repos\KansyaTeamGame2\KansyaTeamGame2\ObjEnemy3.h(44,8): error C2371: 'CObjEnemy3::e_hp': 再定義されています。異なる基本型です。
C:\Users\GA1B\source\repos\KansyaTeamGame2\KansyaTeamGame2\ObjEnemy3.h(23): message : 'CObjEnemy3::e_hp' の宣言を確認してください
C:\Users\GA1B\source\repos\KansyaTeamGame2\KansyaTeamGame2\ObjEnemy4.h(33,8): error C2371: 'CObjEnemy4::e_hp': 再定義されています。異なる基本型です。
C:\Users\GA1B\source\repos\KansyaTeamGame2\KansyaTeamGame2\ObjEnemy4.h(23): message : 'CObjEnemy4::e_hp' の宣言を確認してください
C:\Users\GA1B\source\repos\KansyaTeamGame2\KansyaTeamGame2\UtilityModule.cpp(92,10): warning C4244: '=': 'double' から 'float' への変換です。データが失われる可能性があります。
  コードを生成中...
