  CObjHomingBullet.cpp
C:\Users\GA1B\source\repos\KansyaTeamGame2\KansyaTeamGame2\CObjHomingBullet.cpp(124,9): warning C4244: 'return': 'float' から 'int' への変換です。データが失われる可能性があります。
  EnemyAppear.cpp
  ObjAllBullet.cpp
C:\Users\GA1B\source\repos\KansyaTeamGame2\KansyaTeamGame2\ObjAllBullet.cpp(92,9): warning C4244: 'return': 'float' から 'int' への変換です。データが失われる可能性があります。
  ObjBarrier.cpp
  ObjBoss1.cpp
C:\Users\GA1B\source\repos\KansyaTeamGame2\KansyaTeamGame2\ObjBoss1.cpp(47,23): warning C4305: '+=': 'double' から 'float' へ切り詰めます。
C:\Users\GA1B\source\repos\KansyaTeamGame2\KansyaTeamGame2\ObjBoss1.cpp(134,9): warning C4244: 'return': 'float' から 'int' への変換です。データが失われる可能性があります。
C:\Users\GA1B\source\repos\KansyaTeamGame2\KansyaTeamGame2\ObjBoss1.cpp(139,9): warning C4244: 'return': 'float' から 'int' への変換です。データが失われる可能性があります。
  ObjBullet.cpp
C:\Users\GA1B\source\repos\KansyaTeamGame2\KansyaTeamGame2\ObjBullet.cpp(27,16): warning C4244: '=': 'int' から 'float' への変換です。データが失われる可能性があります。
  ObjCustomize.cpp
C:\Users\GA1B\source\repos\KansyaTeamGame2\KansyaTeamGame2\ObjCustomize.cpp(31,30): warning C4244: '=': 'float' から 'int' への変換です。データが失われる可能性があります。
  ObjEnemy4.cpp
C:\Users\GA1B\source\repos\KansyaTeamGame2\KansyaTeamGame2\ObjEnemy4.cpp(60,8): warning C4552: '<=': 式の結果が使用されていません
C:\Users\GA1B\source\repos\KansyaTeamGame2\KansyaTeamGame2\ObjEnemy4.cpp(73,8): warning C4552: '<=': 式の結果が使用されていません
  ObjEnemy3.cpp
C:\Users\GA1B\source\repos\KansyaTeamGame2\KansyaTeamGame2\ObjEnemy3.cpp(70,23): warning C4305: '+=': 'double' から 'float' へ切り詰めます。
C:\Users\GA1B\source\repos\KansyaTeamGame2\KansyaTeamGame2\ObjEnemy3.cpp(110,8): warning C4552: '<=': 式の結果が使用されていません
  ObjEnemyAmount.cpp
  ObjGaugeBaseBoss.cpp
  ObjGaugeBoss.cpp
C:\Users\GA1B\source\repos\KansyaTeamGame2\KansyaTeamGame2\ObjGaugeBoss.cpp(32,18): warning C4244: '=': 'int' から 'float' への変換です。データが失われる可能性があります。
C:\Users\GA1B\source\repos\KansyaTeamGame2\KansyaTeamGame2\ObjGaugeBoss.cpp(33,24): warning C4244: '=': 'int' から 'float' への変換です。データが失われる可能性があります。
  ObjPauseMenu.cpp
  ObjSlimeBall.cpp
C:\Users\GA1B\source\repos\KansyaTeamGame2\KansyaTeamGame2\ObjSlimeBall.cpp(45,11): warning C4244: '初期化中': 'double' から 'float' への変換です。データが失われる可能性があります。
C:\Users\GA1B\source\repos\KansyaTeamGame2\KansyaTeamGame2\ObjSlimeBall.cpp(52,12): warning C4244: '=': 'double' から 'float' への変換です。データが失われる可能性があります。
C:\Users\GA1B\source\repos\KansyaTeamGame2\KansyaTeamGame2\ObjSlimeBall.cpp(54,9): warning C4244: '=': 'double' から 'float' への変換です。データが失われる可能性があります。
  ObjSmallSlim.cpp
C:\Users\GA1B\source\repos\KansyaTeamGame2\KansyaTeamGame2\ObjSmallSlim.cpp(61,23): warning C4305: '+=': 'double' から 'float' へ切り詰めます。
  ObjStageSelect.cpp
C:\Users\GA1B\source\repos\KansyaTeamGame2\KansyaTeamGame2\ObjStageSelect.cpp(38,65): warning C4244: '=': 'float' から 'int' への変換です。データが失われる可能性があります。
C:\Users\GA1B\source\repos\KansyaTeamGame2\KansyaTeamGame2\ObjStageSelect.cpp(169,37): warning C4244: '引数': 'int' から 'float' への変換です。データが失われる可能性があります。
  GameL_Main.cpp
C:\Users\GA1B\source\repos\KansyaTeamGame2\KansyaTeamGame2\GameL\GameL_Main.cpp(159,4): warning C4060: switch ステートメントに 'case' または 'default' ラベルがありません。
  SceneManager.cpp
  ObjBackGround.cpp
  ObjGameClear.cpp
C:\Users\GA1B\source\repos\KansyaTeamGame2\KansyaTeamGame2\ObjGameClear.cpp(46,54): warning C4244: '=': 'float' から 'int' への変換です。データが失われる可能性があります。
  コンパイル中...
  ObjEnemy.cpp
C:\Users\GA1B\source\repos\KansyaTeamGame2\KansyaTeamGame2\ObjEnemy.cpp(126,23): warning C4305: '+=': 'double' から 'float' へ切り詰めます。
C:\Users\GA1B\source\repos\KansyaTeamGame2\KansyaTeamGame2\ObjEnemy.cpp(172,38): warning C4244: '-=': 'float' から 'int' への変換です。データが失われる可能性があります。
C:\Users\GA1B\source\repos\KansyaTeamGame2\KansyaTeamGame2\ObjEnemy.cpp(177,39): warning C4244: '-=': 'float' から 'int' への変換です。データが失われる可能性があります。
  ObjEnemy2.cpp
C:\Users\GA1B\source\repos\KansyaTeamGame2\KansyaTeamGame2\ObjEnemy2.cpp(75,16): warning C4305: '=': 'double' から 'float' へ切り詰めます。
C:\Users\GA1B\source\repos\KansyaTeamGame2\KansyaTeamGame2\ObjEnemy2.cpp(84,23): warning C4305: '+=': 'double' から 'float' へ切り詰めます。
C:\Users\GA1B\source\repos\KansyaTeamGame2\KansyaTeamGame2\ObjEnemy2.cpp(182,39): warning C4244: '-=': 'float' から 'int' への変換です。データが失われる可能性があります。
C:\Users\GA1B\source\repos\KansyaTeamGame2\KansyaTeamGame2\ObjEnemy2.cpp(190,40): warning C4244: '-=': 'float' から 'int' への変換です。データが失われる可能性があります。
  ObjGameOver.cpp
  ObjGaugeBase.cpp
  ObjGaugeBaseMana.cpp
  ObjGaugeHP.cpp
C:\Users\GA1B\source\repos\KansyaTeamGame2\KansyaTeamGame2\ObjGaugeHP.cpp(29,18): warning C4244: '=': 'int' から 'float' への変換です。データが失われる可能性があります。
C:\Users\GA1B\source\repos\KansyaTeamGame2\KansyaTeamGame2\ObjGaugeHP.cpp(30,24): warning C4244: '=': 'int' から 'float' への変換です。データが失われる可能性があります。
  ObjGaugeMana.cpp
C:\Users\GA1B\source\repos\KansyaTeamGame2\KansyaTeamGame2\ObjGaugeMana.cpp(46,31): warning C4244: '=': 'double' から 'float' への変換です。データが失われる可能性があります。
  ObjGaugeMP.cpp
C:\Users\GA1B\source\repos\KansyaTeamGame2\KansyaTeamGame2\ObjGaugeMP.cpp(26,30): warning C4244: '=': 'int' から 'float' への変換です。データが失われる可能性があります。
C:\Users\GA1B\source\repos\KansyaTeamGame2\KansyaTeamGame2\ObjGaugeMP.cpp(27,36): warning C4244: '=': 'int' から 'float' への変換です。データが失われる可能性があります。
  ObjHero.cpp
C:\Users\GA1B\source\repos\KansyaTeamGame2\KansyaTeamGame2\ObjHero.cpp(56,51): warning C4244: '=': 'double' から 'float' への変換です。データが失われる可能性があります。
C:\Users\GA1B\source\repos\KansyaTeamGame2\KansyaTeamGame2\ObjHero.cpp(85,24): warning C4305: '+=': 'double' から 'float' へ切り詰めます。
C:\Users\GA1B\source\repos\KansyaTeamGame2\KansyaTeamGame2\ObjHero.cpp(95,15): warning C4305: '-=': 'double' から 'float' へ切り詰めます。
C:\Users\GA1B\source\repos\KansyaTeamGame2\KansyaTeamGame2\ObjHero.cpp(103,15): warning C4305: '+=': 'double' から 'float' へ切り詰めます。
C:\Users\GA1B\source\repos\KansyaTeamGame2\KansyaTeamGame2\ObjHero.cpp(116,16): warning C4244: '=': 'double' から 'float' への変換です。データが失われる可能性があります。
C:\Users\GA1B\source\repos\KansyaTeamGame2\KansyaTeamGame2\ObjHero.cpp(153,72): warning C4244: '引数': 'float' から 'int' への変換です。データが失われる可能性があります。
C:\Users\GA1B\source\repos\KansyaTeamGame2\KansyaTeamGame2\ObjHero.cpp(166,50): warning C4244: '引数': 'float' から 'int' への変換です。データが失われる可能性があります。
C:\Users\GA1B\source\repos\KansyaTeamGame2\KansyaTeamGame2\ObjHero.cpp(345,39): warning C4838: 'int' から 'float' への変換には縮小変換が必要です
C:\Users\GA1B\source\repos\KansyaTeamGame2\KansyaTeamGame2\ObjHero.cpp(345,39): warning C4244: '初期化中': 'int' から 'float' への変換です。データが失われる可能性があります。
C:\Users\GA1B\source\repos\KansyaTeamGame2\KansyaTeamGame2\ObjHero.cpp(367,9): warning C4244: 'return': 'float' から 'int' への変換です。データが失われる可能性があります。
C:\Users\GA1B\source\repos\KansyaTeamGame2\KansyaTeamGame2\ObjHero.cpp(372,9): warning C4244: 'return': 'float' から 'int' への変換です。データが失われる可能性があります。
  ObjMagicalGirl.cpp
  ObjMana.cpp
C:\Users\GA1B\source\repos\KansyaTeamGame2\KansyaTeamGame2\ObjMana.cpp(48,56): warning C4244: '=': 'double' から 'float' への変換です。データが失われる可能性があります。
C:\Users\GA1B\source\repos\KansyaTeamGame2\KansyaTeamGame2\ObjMana.cpp(68,39): warning C4244: '-=': 'double' から 'float' への変換です。データが失われる可能性があります。
C:\Users\GA1B\source\repos\KansyaTeamGame2\KansyaTeamGame2\ObjMana.cpp(74,18): warning C4305: '-=': 'double' から 'float' へ切り詰めます。
C:\Users\GA1B\source\repos\KansyaTeamGame2\KansyaTeamGame2\ObjMana.cpp(80,18): warning C4305: '-=': 'double' から 'float' へ切り詰めます。
C:\Users\GA1B\source\repos\KansyaTeamGame2\KansyaTeamGame2\ObjMana.cpp(87,18): warning C4305: '-=': 'double' から 'float' へ切り詰めます。
  ObjBlock.cpp
C:\Users\GA1B\source\repos\KansyaTeamGame2\KansyaTeamGame2\ObjBlock.cpp(48,9): warning C4101: 'src': ローカル変数は 1 度も使われていません。
C:\Users\GA1B\source\repos\KansyaTeamGame2\KansyaTeamGame2\ObjBlock.cpp(160,16): warning C4244: '初期化中': 'double' から 'float' への変換です。データが失われる可能性があります。
C:\Users\GA1B\source\repos\KansyaTeamGame2\KansyaTeamGame2\ObjBlock.cpp(163,14): warning C4244: '初期化中': 'double' から 'float' への変換です。データが失われる可能性があります。
C:\Users\GA1B\source\repos\KansyaTeamGame2\KansyaTeamGame2\ObjBlock.cpp(339,17): warning C4244: '引数': 'int' から 'float' への変換です。データが失われる可能性があります。
C:\Users\GA1B\source\repos\KansyaTeamGame2\KansyaTeamGame2\ObjBlock.cpp(339,9): warning C4244: '引数': 'int' から 'float' への変換です。データが失われる可能性があります。
C:\Users\GA1B\source\repos\KansyaTeamGame2\KansyaTeamGame2\ObjBlock.cpp(346,15): warning C4244: '=': 'double' から 'float' への変換です。データが失われる可能性があります。
  ObjModeSelect.cpp
C:\Users\GA1B\source\repos\KansyaTeamGame2\KansyaTeamGame2\ObjModeSelect.cpp(179,20): warning C4244: '引数': 'int' から 'float' への変換です。データが失われる可能性があります。
C:\Users\GA1B\source\repos\KansyaTeamGame2\KansyaTeamGame2\ObjModeSelect.cpp(185,70): warning C4305: '引数': 'double' から 'float' へ切り詰めます。
  ObjSword.cpp
C:\Users\GA1B\source\repos\KansyaTeamGame2\KansyaTeamGame2\ObjSword.cpp(31,17): warning C4244: '=': 'int' から 'float' への変換です。データが失われる可能性があります。
  ObjTitle.cpp
  SceneGameClear.cpp
C:\Users\GA1B\source\repos\KansyaTeamGame2\KansyaTeamGame2\GameL\SceneObjManager.h(4,1): warning C4005: '_SECURE_SCL': マクロが再定義されました。
C:\Users\GA1B\source\repos\KansyaTeamGame2\KansyaTeamGame2\SceneGameClear.cpp(3): message : '_SECURE_SCL' の以前の定義を確認してください
C:\Users\GA1B\source\repos\KansyaTeamGame2\KansyaTeamGame2\GameL\SceneObjManager.h(5,1): warning C4005: '_HAS_ITERATOR_DEBUGGING': マクロが再定義されました。
C:\Users\GA1B\source\repos\KansyaTeamGame2\KansyaTeamGame2\SceneGameClear.cpp(4): message : '_HAS_ITERATOR_DEBUGGING' の以前の定義を確認してください
  SceneGameOver.cpp
C:\Users\GA1B\source\repos\KansyaTeamGame2\KansyaTeamGame2\GameL\SceneObjManager.h(4,1): warning C4005: '_SECURE_SCL': マクロが再定義されました。
C:\Users\GA1B\source\repos\KansyaTeamGame2\KansyaTeamGame2\SceneGameOver.cpp(3): message : '_SECURE_SCL' の以前の定義を確認してください
C:\Users\GA1B\source\repos\KansyaTeamGame2\KansyaTeamGame2\GameL\SceneObjManager.h(5,1): warning C4005: '_HAS_ITERATOR_DEBUGGING': マクロが再定義されました。
C:\Users\GA1B\source\repos\KansyaTeamGame2\KansyaTeamGame2\SceneGameOver.cpp(4): message : '_HAS_ITERATOR_DEBUGGING' の以前の定義を確認してください
  SceneMain.cpp
C:\Users\GA1B\source\repos\KansyaTeamGame2\KansyaTeamGame2\GameL\SceneObjManager.h(4,1): warning C4005: '_SECURE_SCL': マクロが再定義されました。
C:\Users\GA1B\source\repos\KansyaTeamGame2\KansyaTeamGame2\SceneMain.cpp(2): message : '_SECURE_SCL' の以前の定義を確認してください
C:\Users\GA1B\source\repos\KansyaTeamGame2\KansyaTeamGame2\GameL\SceneObjManager.h(5,1): warning C4005: '_HAS_ITERATOR_DEBUGGING': マクロが再定義されました。
C:\Users\GA1B\source\repos\KansyaTeamGame2\KansyaTeamGame2\SceneMain.cpp(3): message : '_HAS_ITERATOR_DEBUGGING' の以前の定義を確認してください
C:\Users\GA1B\source\repos\KansyaTeamGame2\KansyaTeamGame2\SceneMain.cpp(55,37): warning C4474: 'swprintf_s': 書式文字列に渡された引数の数が多すぎます
C:\Users\GA1B\source\repos\KansyaTeamGame2\KansyaTeamGame2\SceneMain.cpp(55,37): message : プレースホルダーとそのパラメーターには 0 の可変個引数が必要ですが、1 が指定されています。
  SceneMenu.cpp
C:\Users\GA1B\source\repos\KansyaTeamGame2\KansyaTeamGame2\GameL\SceneObjManager.h(4,1): warning C4005: '_SECURE_SCL': マクロが再定義されました。
C:\Users\GA1B\source\repos\KansyaTeamGame2\KansyaTeamGame2\SceneMenu.cpp(3): message : '_SECURE_SCL' の以前の定義を確認してください
C:\Users\GA1B\source\repos\KansyaTeamGame2\KansyaTeamGame2\GameL\SceneObjManager.h(5,1): warning C4005: '_HAS_ITERATOR_DEBUGGING': マクロが再定義されました。
C:\Users\GA1B\source\repos\KansyaTeamGame2\KansyaTeamGame2\SceneMenu.cpp(4): message : '_HAS_ITERATOR_DEBUGGING' の以前の定義を確認してください
  SceneTitle.cpp
C:\Users\GA1B\source\repos\KansyaTeamGame2\KansyaTeamGame2\GameL\SceneObjManager.h(5,1): warning C4005: '_HAS_ITERATOR_DEBUGGING': マクロが再定義されました。
C:\Users\GA1B\source\repos\KansyaTeamGame2\KansyaTeamGame2\SceneTitle.cpp(3): message : '_HAS_ITERATOR_DEBUGGING' の以前の定義を確認してください
  コンパイル中...
  ObjSetting.cpp
C:\Users\GA1B\source\repos\KansyaTeamGame2\KansyaTeamGame2\ObjSetting.cpp(29,30): warning C4244: '=': 'float' から 'int' への変換です。データが失われる可能性があります。
C:\Users\GA1B\source\repos\KansyaTeamGame2\KansyaTeamGame2\ObjSetting.cpp(135,9): warning C4101: 'dst': ローカル変数は 1 度も使われていません。
C:\Users\GA1B\source\repos\KansyaTeamGame2\KansyaTeamGame2\ObjSetting.cpp(134,9): warning C4101: 'src': ローカル変数は 1 度も使われていません。
  UtilityModule.cpp
C:\Users\GA1B\source\repos\KansyaTeamGame2\KansyaTeamGame2\UtilityModule.cpp(92,10): warning C4244: '=': 'double' から 'float' への変換です。データが失われる可能性があります。
  コード生成しています。
  Previous IPDB not found, fall back to full compilation.
  All 1021 functions were compiled because no usable IPDB/IOBJ from previous compilation was found.
  コード生成が終了しました。
  KansyaTeamGame2.vcxproj -> C:\Users\GA1B\source\repos\KansyaTeamGame2\x64\Release\KansyaTeamGame2.exe
